{"C:\\Users\\carol\\Blogversao2\\swagger.js": {"path":"C:\\Users\\carol\\Blogversao2\\swagger.js","statementMap":{"0":{"start":{"line":5,"column":16},"end":{"line":29,"column":1}},"1":{"start":{"line":31,"column":20},"end":{"line":31,"column":41}},"2":{"start":{"line":34,"column":2},"end":{"line":34,"column":70}},"3":{"start":{"line":35,"column":22},"end":{"line":35,"column":128}},"4":{"start":{"line":43,"column":85},"end":{"line":43,"column":44692}},"5":{"start":{"line":43,"column":89},"end":{"line":43,"column":44664}},"6":{"start":{"line":43,"column":44674},"end":{"line":43,"column":44691}}},"fnMap":{"0":{"name":"swaggerDocs","decl":{"start":{"line":33,"column":16},"end":{"line":33,"column":27}},"loc":{"start":{"line":33,"column":33},"end":{"line":36,"column":1}},"line":33},"1":{"name":"oo_cm","decl":{"start":{"line":43,"column":77},"end":{"line":43,"column":82}},"loc":{"start":{"line":43,"column":84},"end":{"line":43,"column":44693}},"line":43}},"branchMap":{"0":{"loc":{"start":{"line":43,"column":96},"end":{"line":43,"column":44663}},"type":"binary-expr","locations":[{"start":{"line":43,"column":96},"end":{"line":43,"column":133}},{"start":{"line":43,"column":137},"end":{"line":43,"column":44663}}],"line":43}},"s":{"0":2,"1":2,"2":2,"3":2,"4":2,"5":2,"6":0},"f":{"0":2,"1":2},"b":{"0":[2,2]},"_coverageSchema":"1a1c01bbd47fc00a2c39e90264f33305004495a9","hash":"9279323c92307b5eb783272b99cac9943a58e8cf"}
,"C:\\Users\\carol\\Blogversao2\\src\\app.js": {"path":"C:\\Users\\carol\\Blogversao2\\src\\app.js","statementMap":{"0":{"start":{"line":7,"column":12},"end":{"line":7,"column":21}},"1":{"start":{"line":10,"column":0},"end":{"line":10,"column":24}},"2":{"start":{"line":13,"column":0},"end":{"line":13,"column":65}},"3":{"start":{"line":13,"column":27},"end":{"line":13,"column":63}},"4":{"start":{"line":16,"column":0},"end":{"line":16,"column":17}},"5":{"start":{"line":19,"column":0},"end":{"line":19,"column":17}},"6":{"start":{"line":22,"column":0},"end":{"line":22,"column":18}},"7":{"start":{"line":25,"column":0},"end":{"line":25,"column":22}}},"fnMap":{"0":{"name":"(anonymous_0)","decl":{"start":{"line":13,"column":13},"end":{"line":13,"column":14}},"loc":{"start":{"line":13,"column":27},"end":{"line":13,"column":63}},"line":13}},"branchMap":{},"s":{"0":2,"1":2,"2":2,"3":1,"4":2,"5":2,"6":2,"7":2},"f":{"0":1},"b":{},"_coverageSchema":"1a1c01bbd47fc00a2c39e90264f33305004495a9","hash":"5a4b036161d6e98bd4e23b897ced744e121c3f10"}
,"C:\\Users\\carol\\Blogversao2\\src\\config\\dbConnect.js": {"path":"C:\\Users\\carol\\Blogversao2\\src\\config\\dbConnect.js","statementMap":{"0":{"start":{"line":5,"column":18},"end":{"line":5,"column":23}},"1":{"start":{"line":8,"column":4},"end":{"line":8,"column":48}},"2":{"start":{"line":8,"column":21},"end":{"line":8,"column":48}},"3":{"start":{"line":10,"column":4},"end":{"line":36,"column":5}},"4":{"start":{"line":13,"column":8},"end":{"line":22,"column":9}},"5":{"start":{"line":14,"column":12},"end":{"line":16,"column":15}},"6":{"start":{"line":17,"column":12},"end":{"line":17,"column":44}},"7":{"start":{"line":18,"column":32},"end":{"line":18,"column":127}},"8":{"start":{"line":20,"column":12},"end":{"line":20,"column":56}},"9":{"start":{"line":21,"column":12},"end":{"line":21,"column":88}},"10":{"start":{"line":21,"column":27},"end":{"line":21,"column":88}},"11":{"start":{"line":24,"column":8},"end":{"line":27,"column":11}},"12":{"start":{"line":29,"column":8},"end":{"line":29,"column":27}},"13":{"start":{"line":30,"column":28},"end":{"line":30,"column":108}},"14":{"start":{"line":31,"column":8},"end":{"line":31,"column":35}},"15":{"start":{"line":33,"column":28},"end":{"line":33,"column":126}},"16":{"start":{"line":34,"column":8},"end":{"line":34,"column":61}},"17":{"start":{"line":34,"column":45},"end":{"line":34,"column":61}},"18":{"start":{"line":35,"column":8},"end":{"line":35,"column":20}},"19":{"start":{"line":40,"column":4},"end":{"line":44,"column":5}},"20":{"start":{"line":41,"column":8},"end":{"line":41,"column":49}},"21":{"start":{"line":42,"column":8},"end":{"line":42,"column":42}},"22":{"start":{"line":43,"column":8},"end":{"line":43,"column":28}},"23":{"start":{"line":45,"column":4},"end":{"line":45,"column":46}},"24":{"start":{"line":45,"column":21},"end":{"line":45,"column":46}},"25":{"start":{"line":56,"column":85},"end":{"line":56,"column":44692}},"26":{"start":{"line":56,"column":89},"end":{"line":56,"column":44664}},"27":{"start":{"line":56,"column":44674},"end":{"line":56,"column":44691}}},"fnMap":{"0":{"name":"conectaNaDatabase","decl":{"start":{"line":7,"column":15},"end":{"line":7,"column":32}},"loc":{"start":{"line":7,"column":35},"end":{"line":37,"column":1}},"line":7},"1":{"name":"disconnectTestDB","decl":{"start":{"line":39,"column":15},"end":{"line":39,"column":31}},"loc":{"start":{"line":39,"column":34},"end":{"line":46,"column":1}},"line":39},"2":{"name":"oo_cm","decl":{"start":{"line":56,"column":77},"end":{"line":56,"column":82}},"loc":{"start":{"line":56,"column":84},"end":{"line":56,"column":44693}},"line":56}},"branchMap":{"0":{"loc":{"start":{"line":8,"column":4},"end":{"line":8,"column":48}},"type":"if","locations":[{"start":{"line":8,"column":4},"end":{"line":8,"column":48}},{"start":{},"end":{}}],"line":8},"1":{"loc":{"start":{"line":13,"column":8},"end":{"line":22,"column":9}},"type":"if","locations":[{"start":{"line":13,"column":8},"end":{"line":22,"column":9}},{"start":{"line":19,"column":15},"end":{"line":22,"column":9}}],"line":13},"2":{"loc":{"start":{"line":21,"column":12},"end":{"line":21,"column":88}},"type":"if","locations":[{"start":{"line":21,"column":12},"end":{"line":21,"column":88}},{"start":{},"end":{}}],"line":21},"3":{"loc":{"start":{"line":34,"column":8},"end":{"line":34,"column":61}},"type":"if","locations":[{"start":{"line":34,"column":8},"end":{"line":34,"column":61}},{"start":{},"end":{}}],"line":34},"4":{"loc":{"start":{"line":40,"column":4},"end":{"line":44,"column":5}},"type":"if","locations":[{"start":{"line":40,"column":4},"end":{"line":44,"column":5}},{"start":{},"end":{}}],"line":40},"5":{"loc":{"start":{"line":45,"column":4},"end":{"line":45,"column":46}},"type":"if","locations":[{"start":{"line":45,"column":4},"end":{"line":45,"column":46}},{"start":{},"end":{}}],"line":45},"6":{"loc":{"start":{"line":56,"column":96},"end":{"line":56,"column":44663}},"type":"binary-expr","locations":[{"start":{"line":56,"column":96},"end":{"line":56,"column":133}},{"start":{"line":56,"column":137},"end":{"line":56,"column":44663}}],"line":56}},"s":{"0":1,"1":1,"2":0,"3":1,"4":1,"5":1,"6":1,"7":1,"8":0,"9":0,"10":0,"11":1,"12":1,"13":1,"14":1,"15":0,"16":0,"17":0,"18":0,"19":1,"20":1,"21":1,"22":1,"23":1,"24":1,"25":2,"26":2,"27":0},"f":{"0":1,"1":1,"2":2},"b":{"0":[0,1],"1":[1,0],"2":[0,0],"3":[0,0],"4":[1,0],"5":[1,0],"6":[2,0]},"_coverageSchema":"1a1c01bbd47fc00a2c39e90264f33305004495a9","hash":"c972e5405f5af997ee4314d1f5baa0d0aa688092"}
,"C:\\Users\\carol\\Blogversao2\\src\\controllers\\postController.js": {"path":"C:\\Users\\carol\\Blogversao2\\src\\controllers\\postController.js","statementMap":{"0":{"start":{"line":6,"column":12},"end":{"line":6,"column":26}},"1":{"start":{"line":7,"column":14},"end":{"line":7,"column":50}},"2":{"start":{"line":8,"column":14},"end":{"line":8,"column":55}},"3":{"start":{"line":9,"column":14},"end":{"line":9,"column":29}},"4":{"start":{"line":10,"column":2},"end":{"line":10,"column":32}},"5":{"start":{"line":17,"column":4},"end":{"line":32,"column":5}},"6":{"start":{"line":19,"column":20},"end":{"line":19,"column":69}},"7":{"start":{"line":21,"column":30},"end":{"line":27,"column":9}},"8":{"start":{"line":21,"column":49},"end":{"line":27,"column":7}},"9":{"start":{"line":29,"column":6},"end":{"line":29,"column":32}},"10":{"start":{"line":31,"column":6},"end":{"line":31,"column":53}},"11":{"start":{"line":37,"column":4},"end":{"line":51,"column":5}},"12":{"start":{"line":38,"column":21},"end":{"line":38,"column":31}},"13":{"start":{"line":39,"column":19},"end":{"line":39,"column":50}},"14":{"start":{"line":41,"column":6},"end":{"line":41,"column":81}},"15":{"start":{"line":41,"column":17},"end":{"line":41,"column":81}},"16":{"start":{"line":43,"column":6},"end":{"line":48,"column":9}},"17":{"start":{"line":50,"column":6},"end":{"line":50,"column":53}},"18":{"start":{"line":56,"column":4},"end":{"line":80,"column":5}},"19":{"start":{"line":57,"column":55},"end":{"line":57,"column":63}},"20":{"start":{"line":60,"column":22},"end":{"line":60,"column":60}},"21":{"start":{"line":61,"column":6},"end":{"line":61,"column":87}},"22":{"start":{"line":61,"column":20},"end":{"line":61,"column":87}},"23":{"start":{"line":63,"column":23},"end":{"line":67,"column":8}},"24":{"start":{"line":69,"column":6},"end":{"line":69,"column":28}},"25":{"start":{"line":71,"column":6},"end":{"line":77,"column":9}},"26":{"start":{"line":79,"column":6},"end":{"line":79,"column":53}},"27":{"start":{"line":85,"column":4},"end":{"line":106,"column":5}},"28":{"start":{"line":86,"column":21},"end":{"line":86,"column":31}},"29":{"start":{"line":87,"column":35},"end":{"line":87,"column":43}},"30":{"start":{"line":89,"column":19},"end":{"line":89,"column":43}},"31":{"start":{"line":90,"column":6},"end":{"line":90,"column":81}},"32":{"start":{"line":90,"column":17},"end":{"line":90,"column":81}},"33":{"start":{"line":92,"column":6},"end":{"line":92,"column":39}},"34":{"start":{"line":92,"column":18},"end":{"line":92,"column":39}},"35":{"start":{"line":93,"column":6},"end":{"line":93,"column":45}},"36":{"start":{"line":93,"column":20},"end":{"line":93,"column":45}},"37":{"start":{"line":95,"column":6},"end":{"line":95,"column":24}},"38":{"start":{"line":97,"column":6},"end":{"line":103,"column":9}},"39":{"start":{"line":105,"column":6},"end":{"line":105,"column":53}},"40":{"start":{"line":111,"column":4},"end":{"line":122,"column":5}},"41":{"start":{"line":112,"column":21},"end":{"line":112,"column":31}},"42":{"start":{"line":113,"column":19},"end":{"line":113,"column":43}},"43":{"start":{"line":114,"column":6},"end":{"line":116,"column":7}},"44":{"start":{"line":115,"column":8},"end":{"line":115,"column":72}},"45":{"start":{"line":118,"column":6},"end":{"line":118,"column":29}},"46":{"start":{"line":119,"column":6},"end":{"line":119,"column":82}},"47":{"start":{"line":121,"column":6},"end":{"line":121,"column":60}},"48":{"start":{"line":127,"column":4},"end":{"line":151,"column":5}},"49":{"start":{"line":128,"column":20},"end":{"line":128,"column":29}},"50":{"start":{"line":129,"column":6},"end":{"line":129,"column":91}},"51":{"start":{"line":129,"column":14},"end":{"line":129,"column":91}},"52":{"start":{"line":131,"column":20},"end":{"line":131,"column":38}},"53":{"start":{"line":133,"column":20},"end":{"line":139,"column":15}},"54":{"start":{"line":141,"column":24},"end":{"line":146,"column":9}},"55":{"start":{"line":141,"column":43},"end":{"line":146,"column":7}},"56":{"start":{"line":148,"column":6},"end":{"line":148,"column":26}},"57":{"start":{"line":150,"column":6},"end":{"line":150,"column":53}}},"fnMap":{"0":{"name":"formatarData","decl":{"start":{"line":5,"column":9},"end":{"line":5,"column":21}},"loc":{"start":{"line":5,"column":28},"end":{"line":11,"column":1}},"line":5},"1":{"name":"(anonymous_1)","decl":{"start":{"line":16,"column":2},"end":{"line":16,"column":3}},"loc":{"start":{"line":16,"column":37},"end":{"line":33,"column":3}},"line":16},"2":{"name":"(anonymous_2)","decl":{"start":{"line":21,"column":40},"end":{"line":21,"column":41}},"loc":{"start":{"line":21,"column":49},"end":{"line":27,"column":7}},"line":21},"3":{"name":"(anonymous_3)","decl":{"start":{"line":36,"column":2},"end":{"line":36,"column":3}},"loc":{"start":{"line":36,"column":33},"end":{"line":52,"column":3}},"line":36},"4":{"name":"(anonymous_4)","decl":{"start":{"line":55,"column":2},"end":{"line":55,"column":3}},"loc":{"start":{"line":55,"column":35},"end":{"line":81,"column":3}},"line":55},"5":{"name":"(anonymous_5)","decl":{"start":{"line":84,"column":2},"end":{"line":84,"column":3}},"loc":{"start":{"line":84,"column":36},"end":{"line":107,"column":3}},"line":84},"6":{"name":"(anonymous_6)","decl":{"start":{"line":110,"column":2},"end":{"line":110,"column":3}},"loc":{"start":{"line":110,"column":37},"end":{"line":123,"column":3}},"line":110},"7":{"name":"(anonymous_7)","decl":{"start":{"line":126,"column":2},"end":{"line":126,"column":3}},"loc":{"start":{"line":126,"column":37},"end":{"line":152,"column":3}},"line":126},"8":{"name":"(anonymous_8)","decl":{"start":{"line":141,"column":34},"end":{"line":141,"column":35}},"loc":{"start":{"line":141,"column":43},"end":{"line":146,"column":7}},"line":141}},"branchMap":{"0":{"loc":{"start":{"line":41,"column":6},"end":{"line":41,"column":81}},"type":"if","locations":[{"start":{"line":41,"column":6},"end":{"line":41,"column":81}},{"start":{},"end":{}}],"line":41},"1":{"loc":{"start":{"line":61,"column":6},"end":{"line":61,"column":87}},"type":"if","locations":[{"start":{"line":61,"column":6},"end":{"line":61,"column":87}},{"start":{},"end":{}}],"line":61},"2":{"loc":{"start":{"line":90,"column":6},"end":{"line":90,"column":81}},"type":"if","locations":[{"start":{"line":90,"column":6},"end":{"line":90,"column":81}},{"start":{},"end":{}}],"line":90},"3":{"loc":{"start":{"line":92,"column":6},"end":{"line":92,"column":39}},"type":"if","locations":[{"start":{"line":92,"column":6},"end":{"line":92,"column":39}},{"start":{},"end":{}}],"line":92},"4":{"loc":{"start":{"line":93,"column":6},"end":{"line":93,"column":45}},"type":"if","locations":[{"start":{"line":93,"column":6},"end":{"line":93,"column":45}},{"start":{},"end":{}}],"line":93},"5":{"loc":{"start":{"line":114,"column":6},"end":{"line":116,"column":7}},"type":"if","locations":[{"start":{"line":114,"column":6},"end":{"line":116,"column":7}},{"start":{},"end":{}}],"line":114},"6":{"loc":{"start":{"line":129,"column":6},"end":{"line":129,"column":91}},"type":"if","locations":[{"start":{"line":129,"column":6},"end":{"line":129,"column":91}},{"start":{},"end":{}}],"line":129},"7":{"loc":{"start":{"line":143,"column":53},"end":{"line":143,"column":92}},"type":"cond-expr","locations":[{"start":{"line":143,"column":82},"end":{"line":143,"column":87}},{"start":{"line":143,"column":90},"end":{"line":143,"column":92}}],"line":143}},"s":{"0":6,"1":6,"2":6,"3":6,"4":6,"5":1,"6":1,"7":1,"8":1,"9":1,"10":0,"11":2,"12":2,"13":2,"14":2,"15":1,"16":1,"17":0,"18":2,"19":2,"20":2,"21":2,"22":0,"23":2,"24":2,"25":2,"26":0,"27":2,"28":2,"29":2,"30":2,"31":2,"32":1,"33":1,"34":1,"35":1,"36":1,"37":1,"38":1,"39":0,"40":2,"41":2,"42":2,"43":2,"44":1,"45":1,"46":1,"47":0,"48":2,"49":2,"50":2,"51":1,"52":1,"53":1,"54":1,"55":1,"56":1,"57":0},"f":{"0":6,"1":1,"2":1,"3":2,"4":2,"5":2,"6":2,"7":2,"8":1},"b":{"0":[1,1],"1":[0,2],"2":[1,1],"3":[1,0],"4":[1,0],"5":[1,1],"6":[1,1],"7":[0,1]},"_coverageSchema":"1a1c01bbd47fc00a2c39e90264f33305004495a9","hash":"a35550e96b22f02ca8f1cd950d11e4adb58d5954"}
,"C:\\Users\\carol\\Blogversao2\\src\\controllers\\validacaoController.js": {"path":"C:\\Users\\carol\\Blogversao2\\src\\controllers\\validacaoController.js","statementMap":{"0":{"start":{"line":10,"column":8},"end":{"line":21,"column":9}},"1":{"start":{"line":11,"column":49},"end":{"line":11,"column":57}},"2":{"start":{"line":12,"column":32},"end":{"line":12,"column":60}},"3":{"start":{"line":13,"column":32},"end":{"line":13,"column":95}},"4":{"start":{"line":15,"column":12},"end":{"line":17,"column":15}},"5":{"start":{"line":20,"column":12},"end":{"line":20,"column":93}},"6":{"start":{"line":25,"column":8},"end":{"line":50,"column":9}},"7":{"start":{"line":26,"column":37},"end":{"line":26,"column":45}},"8":{"start":{"line":29,"column":12},"end":{"line":29,"column":109}},"9":{"start":{"line":29,"column":34},"end":{"line":29,"column":109}},"10":{"start":{"line":31,"column":38},"end":{"line":31,"column":70}},"11":{"start":{"line":32,"column":12},"end":{"line":32,"column":103}},"12":{"start":{"line":32,"column":36},"end":{"line":32,"column":103}},"13":{"start":{"line":34,"column":33},"end":{"line":34,"column":85}},"14":{"start":{"line":35,"column":12},"end":{"line":35,"column":90}},"15":{"start":{"line":35,"column":31},"end":{"line":35,"column":90}},"16":{"start":{"line":38,"column":12},"end":{"line":46,"column":15}},"17":{"start":{"line":49,"column":12},"end":{"line":49,"column":66}}},"fnMap":{"0":{"name":"(anonymous_0)","decl":{"start":{"line":9,"column":4},"end":{"line":9,"column":5}},"loc":{"start":{"line":9,"column":44},"end":{"line":22,"column":5}},"line":9},"1":{"name":"(anonymous_1)","decl":{"start":{"line":24,"column":4},"end":{"line":24,"column":5}},"loc":{"start":{"line":24,"column":33},"end":{"line":51,"column":5}},"line":24}},"branchMap":{"0":{"loc":{"start":{"line":29,"column":12},"end":{"line":29,"column":109}},"type":"if","locations":[{"start":{"line":29,"column":12},"end":{"line":29,"column":109}},{"start":{},"end":{}}],"line":29},"1":{"loc":{"start":{"line":29,"column":16},"end":{"line":29,"column":32}},"type":"binary-expr","locations":[{"start":{"line":29,"column":16},"end":{"line":29,"column":22}},{"start":{"line":29,"column":26},"end":{"line":29,"column":32}}],"line":29},"2":{"loc":{"start":{"line":32,"column":12},"end":{"line":32,"column":103}},"type":"if","locations":[{"start":{"line":32,"column":12},"end":{"line":32,"column":103}},{"start":{},"end":{}}],"line":32},"3":{"loc":{"start":{"line":35,"column":12},"end":{"line":35,"column":90}},"type":"if","locations":[{"start":{"line":35,"column":12},"end":{"line":35,"column":90}},{"start":{},"end":{}}],"line":35}},"s":{"0":2,"1":2,"2":2,"3":2,"4":1,"5":1,"6":5,"7":5,"8":5,"9":1,"10":4,"11":3,"12":1,"13":2,"14":2,"15":1,"16":1,"17":1},"f":{"0":2,"1":5},"b":{"0":[1,4],"1":[5,4],"2":[1,2],"3":[1,1]},"_coverageSchema":"1a1c01bbd47fc00a2c39e90264f33305004495a9","hash":"0f81e46b4f4d1a9b3843718d67e63e2870274a15"}
,"C:\\Users\\carol\\Blogversao2\\src\\middleware\\errorHandler.js": {"path":"C:\\Users\\carol\\Blogversao2\\src\\middleware\\errorHandler.js","statementMap":{"0":{"start":{"line":2,"column":22},"end":{"line":2,"column":95}},"1":{"start":{"line":4,"column":2},"end":{"line":6,"column":3}},"2":{"start":{"line":5,"column":4},"end":{"line":5,"column":60}},"3":{"start":{"line":8,"column":2},"end":{"line":10,"column":3}},"4":{"start":{"line":9,"column":4},"end":{"line":9,"column":85}},"5":{"start":{"line":12,"column":2},"end":{"line":14,"column":5}},"6":{"start":{"line":24,"column":85},"end":{"line":24,"column":44692}},"7":{"start":{"line":24,"column":89},"end":{"line":24,"column":44664}},"8":{"start":{"line":24,"column":44674},"end":{"line":24,"column":44691}}},"fnMap":{"0":{"name":"errorHandler","decl":{"start":{"line":1,"column":10},"end":{"line":1,"column":22}},"loc":{"start":{"line":1,"column":44},"end":{"line":15,"column":1}},"line":1},"1":{"name":"oo_cm","decl":{"start":{"line":24,"column":77},"end":{"line":24,"column":82}},"loc":{"start":{"line":24,"column":84},"end":{"line":24,"column":44693}},"line":24}},"branchMap":{"0":{"loc":{"start":{"line":4,"column":2},"end":{"line":6,"column":3}},"type":"if","locations":[{"start":{"line":4,"column":2},"end":{"line":6,"column":3}},{"start":{},"end":{}}],"line":4},"1":{"loc":{"start":{"line":8,"column":2},"end":{"line":10,"column":3}},"type":"if","locations":[{"start":{"line":8,"column":2},"end":{"line":10,"column":3}},{"start":{},"end":{}}],"line":8},"2":{"loc":{"start":{"line":12,"column":13},"end":{"line":12,"column":30}},"type":"binary-expr","locations":[{"start":{"line":12,"column":13},"end":{"line":12,"column":23}},{"start":{"line":12,"column":27},"end":{"line":12,"column":30}}],"line":12},"3":{"loc":{"start":{"line":13,"column":13},"end":{"line":13,"column":54}},"type":"binary-expr","locations":[{"start":{"line":13,"column":13},"end":{"line":13,"column":24}},{"start":{"line":13,"column":28},"end":{"line":13,"column":54}}],"line":13},"4":{"loc":{"start":{"line":24,"column":96},"end":{"line":24,"column":44663}},"type":"binary-expr","locations":[{"start":{"line":24,"column":96},"end":{"line":24,"column":133}},{"start":{"line":24,"column":137},"end":{"line":24,"column":44663}}],"line":24}},"s":{"0":0,"1":0,"2":0,"3":0,"4":0,"5":0,"6":0,"7":0,"8":0},"f":{"0":0,"1":0},"b":{"0":[0,0],"1":[0,0],"2":[0,0],"3":[0,0],"4":[0,0]},"_coverageSchema":"1a1c01bbd47fc00a2c39e90264f33305004495a9","hash":"827bad3a1a2ec4ee49fe7c4cb1d611063800c812"}
,"C:\\Users\\carol\\Blogversao2\\src\\middleware\\notFound.js": {"path":"C:\\Users\\carol\\Blogversao2\\src\\middleware\\notFound.js","statementMap":{"0":{"start":{"line":2,"column":2},"end":{"line":2,"column":61}}},"fnMap":{"0":{"name":"notFound","decl":{"start":{"line":1,"column":10},"end":{"line":1,"column":18}},"loc":{"start":{"line":1,"column":35},"end":{"line":3,"column":1}},"line":1}},"branchMap":{},"s":{"0":0},"f":{"0":0},"b":{},"_coverageSchema":"1a1c01bbd47fc00a2c39e90264f33305004495a9","hash":"f2d92234cf9ddce83080a36d73b838ab97978126"}
,"C:\\Users\\carol\\Blogversao2\\src\\middleware\\validarProfessor.js": {"path":"C:\\Users\\carol\\Blogversao2\\src\\middleware\\validarProfessor.js","statementMap":{"0":{"start":{"line":6,"column":2},"end":{"line":48,"column":3}},"1":{"start":{"line":7,"column":27},"end":{"line":7,"column":35}},"2":{"start":{"line":10,"column":4},"end":{"line":18,"column":5}},"3":{"start":{"line":11,"column":19},"end":{"line":11,"column":44}},"4":{"start":{"line":12,"column":6},"end":{"line":17,"column":7}},"5":{"start":{"line":13,"column":23},"end":{"line":13,"column":41}},"6":{"start":{"line":14,"column":43},"end":{"line":14,"column":94}},"7":{"start":{"line":15,"column":8},"end":{"line":15,"column":37}},"8":{"start":{"line":16,"column":8},"end":{"line":16,"column":37}},"9":{"start":{"line":21,"column":4},"end":{"line":23,"column":5}},"10":{"start":{"line":22,"column":6},"end":{"line":22,"column":81}},"11":{"start":{"line":26,"column":20},"end":{"line":26,"column":52}},"12":{"start":{"line":27,"column":4},"end":{"line":29,"column":5}},"13":{"start":{"line":28,"column":6},"end":{"line":28,"column":73}},"14":{"start":{"line":32,"column":25},"end":{"line":32,"column":67}},"15":{"start":{"line":33,"column":4},"end":{"line":35,"column":5}},"16":{"start":{"line":34,"column":6},"end":{"line":34,"column":65}},"17":{"start":{"line":38,"column":4},"end":{"line":40,"column":5}},"18":{"start":{"line":39,"column":6},"end":{"line":39,"column":80}},"19":{"start":{"line":43,"column":4},"end":{"line":43,"column":26}},"20":{"start":{"line":44,"column":4},"end":{"line":44,"column":11}},"21":{"start":{"line":47,"column":4},"end":{"line":47,"column":58}}},"fnMap":{"0":{"name":"validarProfessor","decl":{"start":{"line":5,"column":15},"end":{"line":5,"column":31}},"loc":{"start":{"line":5,"column":48},"end":{"line":49,"column":1}},"line":5}},"branchMap":{"0":{"loc":{"start":{"line":10,"column":4},"end":{"line":18,"column":5}},"type":"if","locations":[{"start":{"line":10,"column":4},"end":{"line":18,"column":5}},{"start":{},"end":{}}],"line":10},"1":{"loc":{"start":{"line":10,"column":8},"end":{"line":10,"column":55}},"type":"binary-expr","locations":[{"start":{"line":10,"column":9},"end":{"line":10,"column":15}},{"start":{"line":10,"column":19},"end":{"line":10,"column":25}},{"start":{"line":10,"column":30},"end":{"line":10,"column":55}}],"line":10},"2":{"loc":{"start":{"line":12,"column":6},"end":{"line":17,"column":7}},"type":"if","locations":[{"start":{"line":12,"column":6},"end":{"line":17,"column":7}},{"start":{},"end":{}}],"line":12},"3":{"loc":{"start":{"line":15,"column":16},"end":{"line":15,"column":36}},"type":"binary-expr","locations":[{"start":{"line":15,"column":16},"end":{"line":15,"column":21}},{"start":{"line":15,"column":25},"end":{"line":15,"column":36}}],"line":15},"4":{"loc":{"start":{"line":16,"column":16},"end":{"line":16,"column":36}},"type":"binary-expr","locations":[{"start":{"line":16,"column":16},"end":{"line":16,"column":21}},{"start":{"line":16,"column":25},"end":{"line":16,"column":36}}],"line":16},"5":{"loc":{"start":{"line":21,"column":4},"end":{"line":23,"column":5}},"type":"if","locations":[{"start":{"line":21,"column":4},"end":{"line":23,"column":5}},{"start":{},"end":{}}],"line":21},"6":{"loc":{"start":{"line":21,"column":8},"end":{"line":21,"column":24}},"type":"binary-expr","locations":[{"start":{"line":21,"column":8},"end":{"line":21,"column":14}},{"start":{"line":21,"column":18},"end":{"line":21,"column":24}}],"line":21},"7":{"loc":{"start":{"line":27,"column":4},"end":{"line":29,"column":5}},"type":"if","locations":[{"start":{"line":27,"column":4},"end":{"line":29,"column":5}},{"start":{},"end":{}}],"line":27},"8":{"loc":{"start":{"line":33,"column":4},"end":{"line":35,"column":5}},"type":"if","locations":[{"start":{"line":33,"column":4},"end":{"line":35,"column":5}},{"start":{},"end":{}}],"line":33},"9":{"loc":{"start":{"line":38,"column":4},"end":{"line":40,"column":5}},"type":"if","locations":[{"start":{"line":38,"column":4},"end":{"line":40,"column":5}},{"start":{},"end":{}}],"line":38}},"s":{"0":7,"1":7,"2":7,"3":0,"4":0,"5":0,"6":0,"7":0,"8":0,"9":7,"10":0,"11":7,"12":7,"13":1,"14":6,"15":6,"16":0,"17":6,"18":0,"19":6,"20":6,"21":0},"f":{"0":7},"b":{"0":[0,7],"1":[7,7,0],"2":[0,0],"3":[0,0],"4":[0,0],"5":[0,7],"6":[7,7],"7":[1,6],"8":[0,6],"9":[0,6]},"_coverageSchema":"1a1c01bbd47fc00a2c39e90264f33305004495a9","hash":"3dc6812c33d87520cf483652733b9832584a3d50"}
,"C:\\Users\\carol\\Blogversao2\\src\\models\\Post.js": {"path":"C:\\Users\\carol\\Blogversao2\\src\\models\\Post.js","statementMap":{"0":{"start":{"line":3,"column":19},"end":{"line":14,"column":2}},"1":{"start":{"line":16,"column":0},"end":{"line":21,"column":3}},"2":{"start":{"line":18,"column":4},"end":{"line":18,"column":107}},"3":{"start":{"line":18,"column":23},"end":{"line":18,"column":107}},"4":{"start":{"line":19,"column":4},"end":{"line":19,"column":111}},"5":{"start":{"line":19,"column":23},"end":{"line":19,"column":111}},"6":{"start":{"line":23,"column":14},"end":{"line":23,"column":49}}},"fnMap":{"0":{"name":"(anonymous_0)","decl":{"start":{"line":17,"column":13},"end":{"line":17,"column":14}},"loc":{"start":{"line":17,"column":27},"end":{"line":20,"column":3}},"line":17}},"branchMap":{"0":{"loc":{"start":{"line":18,"column":4},"end":{"line":18,"column":107}},"type":"if","locations":[{"start":{"line":18,"column":4},"end":{"line":18,"column":107}},{"start":{},"end":{}}],"line":18},"1":{"loc":{"start":{"line":19,"column":4},"end":{"line":19,"column":111}},"type":"if","locations":[{"start":{"line":19,"column":4},"end":{"line":19,"column":111}},{"start":{},"end":{}}],"line":19}},"s":{"0":2,"1":2,"2":2,"3":2,"4":2,"5":2,"6":2},"f":{"0":2},"b":{"0":[2,0],"1":[2,0]},"_coverageSchema":"1a1c01bbd47fc00a2c39e90264f33305004495a9","hash":"326c18e98a141a3a4aa5822a727c9bffcad2abae"}
,"C:\\Users\\carol\\Blogversao2\\src\\models\\Usuario.js": {"path":"C:\\Users\\carol\\Blogversao2\\src\\models\\Usuario.js","statementMap":{"0":{"start":{"line":4,"column":22},"end":{"line":9,"column":2}},"1":{"start":{"line":11,"column":16},"end":{"line":11,"column":58}}},"fnMap":{},"branchMap":{},"s":{"0":3,"1":3},"f":{},"b":{},"_coverageSchema":"1a1c01bbd47fc00a2c39e90264f33305004495a9","hash":"59165392bc8ee754f926931dc3988d1b377dfb9c"}
,"C:\\Users\\carol\\Blogversao2\\src\\routes\\indexRoutes.js": {"path":"C:\\Users\\carol\\Blogversao2\\src\\routes\\indexRoutes.js","statementMap":{"0":{"start":{"line":4,"column":20},"end":{"line":7,"column":1}},"1":{"start":{"line":5,"column":2},"end":{"line":5,"column":33}},"2":{"start":{"line":6,"column":2},"end":{"line":6,"column":39}}},"fnMap":{"0":{"name":"(anonymous_0)","decl":{"start":{"line":4,"column":20},"end":{"line":4,"column":21}},"loc":{"start":{"line":4,"column":29},"end":{"line":7,"column":1}},"line":4}},"branchMap":{},"s":{"0":2,"1":2,"2":2},"f":{"0":2},"b":{},"_coverageSchema":"1a1c01bbd47fc00a2c39e90264f33305004495a9","hash":"2fdc0f55cd687ce13bf479f4226384deddf63c3d"}
,"C:\\Users\\carol\\Blogversao2\\src\\routes\\postsRoutes.js": {"path":"C:\\Users\\carol\\Blogversao2\\src\\routes\\postsRoutes.js","statementMap":{"0":{"start":{"line":5,"column":20},"end":{"line":5,"column":36}},"1":{"start":{"line":88,"column":0},"end":{"line":88,"column":50}},"2":{"start":{"line":124,"column":0},"end":{"line":124,"column":56}},"3":{"start":{"line":159,"column":0},"end":{"line":159,"column":49}},"4":{"start":{"line":200,"column":0},"end":{"line":200,"column":67}},"5":{"start":{"line":252,"column":0},"end":{"line":252,"column":70}},"6":{"start":{"line":313,"column":0},"end":{"line":313,"column":74}}},"fnMap":{},"branchMap":{},"s":{"0":2,"1":2,"2":2,"3":2,"4":2,"5":2,"6":2},"f":{},"b":{},"_coverageSchema":"1a1c01bbd47fc00a2c39e90264f33305004495a9","hash":"621da87729eea845b5cf636cbc79e4962c70c463"}
,"C:\\Users\\carol\\Blogversao2\\src\\routes\\validacaoRoutes.js": {"path":"C:\\Users\\carol\\Blogversao2\\src\\routes\\validacaoRoutes.js","statementMap":{"0":{"start":{"line":4,"column":24},"end":{"line":4,"column":40}},"1":{"start":{"line":78,"column":0},"end":{"line":78,"column":72}},"2":{"start":{"line":124,"column":0},"end":{"line":124,"column":58}}},"fnMap":{},"branchMap":{},"s":{"0":2,"1":2,"2":2},"f":{},"b":{},"_coverageSchema":"1a1c01bbd47fc00a2c39e90264f33305004495a9","hash":"6668fff0c4259d0d4767dedce7300dd4b3ab7507"}
}
