TN:
SF:swagger.js
FN:33,swaggerDocs
FN:43,oo_cm
FNF:2
FNH:2
FNDA:2,swaggerDocs
FNDA:2,oo_cm
DA:5,2
DA:31,2
DA:34,2
DA:35,2
DA:43,2
LF:5
LH:5
BRDA:43,0,0,2
BRDA:43,0,1,2
BRF:2
BRH:2
end_of_record
TN:
SF:src\app.js
FN:13,(anonymous_0)
FNF:1
FNH:1
FNDA:1,(anonymous_0)
DA:7,2
DA:10,2
DA:13,2
DA:16,2
DA:19,2
DA:22,2
DA:25,2
LF:7
LH:7
BRF:0
BRH:0
end_of_record
TN:
SF:src\config\dbConnect.js
FN:7,conectaNaDatabase
FN:39,disconnectTestDB
FN:56,oo_cm
FNF:3
FNH:3
FNDA:1,conectaNaDatabase
FNDA:1,disconnectTestDB
FNDA:2,oo_cm
DA:5,1
DA:8,1
DA:10,1
DA:13,1
DA:14,1
DA:17,1
DA:18,1
DA:20,0
DA:21,0
DA:24,1
DA:29,1
DA:30,1
DA:31,1
DA:33,0
DA:34,0
DA:35,0
DA:40,1
DA:41,1
DA:42,1
DA:43,1
DA:45,1
DA:56,2
LF:22
LH:17
BRDA:8,0,0,0
BRDA:8,0,1,1
BRDA:13,1,0,1
BRDA:13,1,1,0
BRDA:21,2,0,0
BRDA:21,2,1,0
BRDA:34,3,0,0
BRDA:34,3,1,0
BRDA:40,4,0,1
BRDA:40,4,1,0
BRDA:45,5,0,1
BRDA:45,5,1,0
BRDA:56,6,0,2
BRDA:56,6,1,0
BRF:14
BRH:5
end_of_record
TN:
SF:src\controllers\postController.js
FN:5,formatarData
FN:16,(anonymous_1)
FN:21,(anonymous_2)
FN:36,(anonymous_3)
FN:55,(anonymous_4)
FN:84,(anonymous_5)
FN:110,(anonymous_6)
FN:126,(anonymous_7)
FN:141,(anonymous_8)
FNF:9
FNH:9
FNDA:6,formatarData
FNDA:1,(anonymous_1)
FNDA:1,(anonymous_2)
FNDA:2,(anonymous_3)
FNDA:2,(anonymous_4)
FNDA:2,(anonymous_5)
FNDA:2,(anonymous_6)
FNDA:2,(anonymous_7)
FNDA:1,(anonymous_8)
DA:6,6
DA:7,6
DA:8,6
DA:9,6
DA:10,6
DA:17,1
DA:19,1
DA:21,1
DA:29,1
DA:31,0
DA:37,2
DA:38,2
DA:39,2
DA:41,2
DA:43,1
DA:50,0
DA:56,2
DA:57,2
DA:60,2
DA:61,2
DA:63,2
DA:69,2
DA:71,2
DA:79,0
DA:85,2
DA:86,2
DA:87,2
DA:89,2
DA:90,2
DA:92,1
DA:93,1
DA:95,1
DA:97,1
DA:105,0
DA:111,2
DA:112,2
DA:113,2
DA:114,2
DA:115,1
DA:118,1
DA:119,1
DA:121,0
DA:127,2
DA:128,2
DA:129,2
DA:131,1
DA:133,1
DA:141,1
DA:148,1
DA:150,0
LF:50
LH:44
BRDA:41,0,0,1
BRDA:41,0,1,1
BRDA:61,1,0,0
BRDA:61,1,1,2
BRDA:90,2,0,1
BRDA:90,2,1,1
BRDA:92,3,0,1
BRDA:92,3,1,0
BRDA:93,4,0,1
BRDA:93,4,1,0
BRDA:114,5,0,1
BRDA:114,5,1,1
BRDA:129,6,0,1
BRDA:129,6,1,1
BRDA:143,7,0,0
BRDA:143,7,1,1
BRF:16
BRH:12
end_of_record
TN:
SF:src\controllers\validacaoController.js
FN:9,(anonymous_0)
FN:24,(anonymous_1)
FNF:2
FNH:2
FNDA:2,(anonymous_0)
FNDA:5,(anonymous_1)
DA:10,2
DA:11,2
DA:12,2
DA:13,2
DA:15,1
DA:20,1
DA:25,5
DA:26,5
DA:29,5
DA:31,4
DA:32,3
DA:34,2
DA:35,2
DA:38,1
DA:49,1
LF:15
LH:15
BRDA:29,0,0,1
BRDA:29,0,1,4
BRDA:29,1,0,5
BRDA:29,1,1,4
BRDA:32,2,0,1
BRDA:32,2,1,2
BRDA:35,3,0,1
BRDA:35,3,1,1
BRF:8
BRH:8
end_of_record
TN:
SF:src\middleware\errorHandler.js
FN:1,errorHandler
FN:24,oo_cm
FNF:2
FNH:0
FNDA:0,errorHandler
FNDA:0,oo_cm
DA:2,0
DA:4,0
DA:5,0
DA:8,0
DA:9,0
DA:12,0
DA:24,0
LF:7
LH:0
BRDA:4,0,0,0
BRDA:4,0,1,0
BRDA:8,1,0,0
BRDA:8,1,1,0
BRDA:12,2,0,0
BRDA:12,2,1,0
BRDA:13,3,0,0
BRDA:13,3,1,0
BRDA:24,4,0,0
BRDA:24,4,1,0
BRF:10
BRH:0
end_of_record
TN:
SF:src\middleware\notFound.js
FN:1,notFound
FNF:1
FNH:0
FNDA:0,notFound
DA:2,0
LF:1
LH:0
BRF:0
BRH:0
end_of_record
TN:
SF:src\middleware\validarProfessor.js
FN:5,validarProfessor
FNF:1
FNH:1
FNDA:7,validarProfessor
DA:6,7
DA:7,7
DA:10,7
DA:11,0
DA:12,0
DA:13,0
DA:14,0
DA:15,0
DA:16,0
DA:21,7
DA:22,0
DA:26,7
DA:27,7
DA:28,1
DA:32,6
DA:33,6
DA:34,0
DA:38,6
DA:39,0
DA:43,6
DA:44,6
DA:47,0
LF:22
LH:12
BRDA:10,0,0,0
BRDA:10,0,1,7
BRDA:10,1,0,7
BRDA:10,1,1,7
BRDA:10,1,2,0
BRDA:12,2,0,0
BRDA:12,2,1,0
BRDA:15,3,0,0
BRDA:15,3,1,0
BRDA:16,4,0,0
BRDA:16,4,1,0
BRDA:21,5,0,0
BRDA:21,5,1,7
BRDA:21,6,0,7
BRDA:21,6,1,7
BRDA:27,7,0,1
BRDA:27,7,1,6
BRDA:33,8,0,0
BRDA:33,8,1,6
BRDA:38,9,0,0
BRDA:38,9,1,6
BRF:21
BRH:10
end_of_record
TN:
SF:src\models\Post.js
FN:17,(anonymous_0)
FNF:1
FNH:1
FNDA:2,(anonymous_0)
DA:3,2
DA:16,2
DA:18,2
DA:19,2
DA:23,2
LF:5
LH:5
BRDA:18,0,0,2
BRDA:18,0,1,0
BRDA:19,1,0,2
BRDA:19,1,1,0
BRF:4
BRH:2
end_of_record
TN:
SF:src\models\Usuario.js
FNF:0
FNH:0
DA:4,3
DA:11,3
LF:2
LH:2
BRF:0
BRH:0
end_of_record
TN:
SF:src\routes\indexRoutes.js
FN:4,(anonymous_0)
FNF:1
FNH:1
FNDA:2,(anonymous_0)
DA:4,2
DA:5,2
DA:6,2
LF:3
LH:3
BRF:0
BRH:0
end_of_record
TN:
SF:src\routes\postsRoutes.js
FNF:0
FNH:0
DA:5,2
DA:88,2
DA:124,2
DA:159,2
DA:200,2
DA:252,2
DA:313,2
LF:7
LH:7
BRF:0
BRH:0
end_of_record
TN:
SF:src\routes\validacaoRoutes.js
FNF:0
FNH:0
DA:4,2
DA:78,2
DA:124,2
LF:3
LH:3
BRF:0
BRH:0
end_of_record
